
result

{ 'code': 0,
'msg': '',
'data': { 'WFName': '学生身体健康状况采集',
'Process': { 'WFId': 'bce5f38f1140eb08e11885e667038f25',
'Flow': [],
'CCTrigger': 'success' },
'Approved': [],
'HasEditionAccess': False,
'HasInitiateLog': False,
'Initiate': { 'Id': '3643cd685ae80af601848cddfde96c64',
'SerialNo': '20220426020141007963',
'UniversityId': '1a388b1e3eb6620a26622e46a6d7b7ac',
'PersonId': 'eddd66b2f86c12d1cd4685db1a66b9df',
'PersonInfo': { 'College': '研究生院',
'Profession': '电子信息工程学院',
'Specialty': '电子信息',
'Class': '2021级',
'Grade': 2021,
'Campus': None,
'EducationLevel': 3,
'StudyYear': '3.0',
'Number': '212021085400028',
'Name': '王攀',
'Gender': 1,
'PersonType': 'student',
'Mobile': None },
'WFId': 'bce5f38f1140eb08e11885e667038f25',
'ProcessId': '961f90b982fcdb281d2cc283d2822131',
'FormDataJson': [{'id': '147371930756b00991e7bb9624f0d137', 'label': '今日你的体温多少？', 'value': '37.2℃及以下', 'component': 'Radio'}, {'id': 'e1237ee513e84575e4cba1b7f009b5f0', 'label': '今日你的身体状况是？', 'value': '健康', 'component': 'Radio'}, {'id': 'ef9f971b44c6a67b9dd5263a9aa57cbe', 'label': '近14天你或你共同居住的人是否有疫情中高风险区域人员接触史？', 'value': '否', 'component': 'Radio'}, {'id': 'a669262cc262cc42309afed5b456d845', 'label': '你或你的共同居住人目前是否正被医学隔离？', 'value': '否', 'component': 'Radio'}, {'id': '9289a17bd856f28e6f6f7bc8f941722b', 'label': '本人是否承诺以上所填信息全部属实。准确，不存在任何隐瞒与不实', 'value': '是', 'component': 'Radio'}, {'id': '02df1388a840d9224bdc00f35cdabce6', 'label': '获取定位', 'value': {'time': '2022-04-26 02:01', 'longitude': 106.069485, 'latitude': 30.812159, 'address': '四川省南充市顺庆区风华路2号靠近中国电信(西华师范大学店)'}, 'component': 'AutoTakePosition'}],
'ExtendDataJson': { 'TaskId': '6212ae117ab9d4d975aebfce48c3b3ee',
'title': '任务信息',
'content': [{'label': '任务名称', 'value': '4月25日——4月26日健康打卡'}, {'label': '发布机构', 'value': '2021级'}, {'label': '发布人', 'value': '魏书君'}] },
'WorkNode': 0,
'State': 2,
'StateTime': '02:01',
'CreateTime': 1650909701 } } }

formApi

{ 'code': 0,
'msg': '',
'data': { 'Id': 'bce5f38f1140eb08e11885e667038f25',
'WFName': '学生身体健康状况采集',
'Form': [{'id': '147371930756b00991e7bb9624f0d137', 'component': 'Radio', 'props': {'label': '今日你的体温多少？', 'required': True, 'options': ['37.2℃及以下', '37.2℃以上'],
'placeholder': '请选择' },
'editor': { 'delete': True } },
{ 'component': 'Radio',
'props': { 'label': '今日你的身体状况是？',
'placeholder': '请选择',
'options': ['健康', '发烧', '干咳', '乏力', '其它不舒服症状'],
'required': True },
'id': 'e1237ee513e84575e4cba1b7f009b5f0' },
{ 'id': 'ef9f971b44c6a67b9dd5263a9aa57cbe',
'component': 'Radio',
'props': { 'label': '近14天你或你共同居住的人是否有疫情中高风险区域人员接触史？',
'required': True,
'options': ['否', '是'],
'placeholder': '请选择' },
'editor': { 'delete': True } },
{ 'component': 'Radio',
'props': { 'label': '你或你的共同居住人目前是否正被医学隔离？',
'placeholder' :'请选择',
'options': ['否', '是'],
'required': True },
'id': 'a669262cc262cc42309afed5b456d845' },
{ 'component': 'Radio',
'props': { 'label': '本人是否承诺以上所填信息全部属实。准确，不存在任何隐瞒与不实',
'placeholder': '请选择',
'options': ['是', '否'],
'required': True },
'id': '9289a17bd856f28e6f6f7bc8f941722b' },
{ 'component': 'AutoTakePosition',
'props': { 'label': '获取定位',
'placeholder': '',
'required': True },
'id': '02df1388a840d9224bdc00f35cdabce6' } ] } }